Classic Timing Analyzer report for hw1-bonus
Tue Mar 05 21:12:30 2019
Quartus II Version 9.1 Build 222 10/21/2009 SJ Web Edition


---------------------
; Table of Contents ;
---------------------
  1. Legal Notice
  2. Timing Analyzer Summary
  3. Timing Analyzer Settings
  4. Parallel Compilation
  5. tpd
  6. Timing Analyzer Messages



----------------
; Legal Notice ;
----------------
Copyright (C) 1991-2009 Altera Corporation
Your use of Altera Corporation's design tools, logic functions 
and other software and tools, and its AMPP partner logic 
functions, and any output files from any of the foregoing 
(including device programming or simulation files), and any 
associated documentation or information are expressly subject 
to the terms and conditions of the Altera Program License 
Subscription Agreement, Altera MegaCore Function License 
Agreement, or other applicable license agreement, including, 
without limitation, that your use is for the sole purpose of 
programming logic devices manufactured by Altera and sold by 
Altera or its authorized distributors.  Please refer to the 
applicable agreement for further details.



+-----------------------------------------------------------------------------------------------------------------------+
; Timing Analyzer Summary                                                                                               ;
+------------------------------+-------+---------------+-------------+------+----+------------+----------+--------------+
; Type                         ; Slack ; Required Time ; Actual Time ; From ; To ; From Clock ; To Clock ; Failed Paths ;
+------------------------------+-------+---------------+-------------+------+----+------------+----------+--------------+
; Worst-case tpd               ; N/A   ; None          ; 10.261 ns   ; B1   ; D2 ; --         ; --       ; 0            ;
; Total number of failed paths ;       ;               ;             ;      ;    ;            ;          ; 0            ;
+------------------------------+-------+---------------+-------------+------+----+------------+----------+--------------+


+-----------------------------------------------------------------------------------------------------------------------------------------------------+
; Timing Analyzer Settings                                                                                                                            ;
+------------------------------------------------------------------------------------------------------+--------------------+------+----+-------------+
; Option                                                                                               ; Setting            ; From ; To ; Entity Name ;
+------------------------------------------------------------------------------------------------------+--------------------+------+----+-------------+
; Device Name                                                                                          ; EP2S15F484C3       ;      ;    ;             ;
; Timing Models                                                                                        ; Final              ;      ;    ;             ;
; Default hold multicycle                                                                              ; Same as Multicycle ;      ;    ;             ;
; Cut paths between unrelated clock domains                                                            ; On                 ;      ;    ;             ;
; Cut off read during write signal paths                                                               ; On                 ;      ;    ;             ;
; Cut off feedback from I/O pins                                                                       ; On                 ;      ;    ;             ;
; Report Combined Fast/Slow Timing                                                                     ; Off                ;      ;    ;             ;
; Ignore Clock Settings                                                                                ; Off                ;      ;    ;             ;
; Analyze latches as synchronous elements                                                              ; On                 ;      ;    ;             ;
; Enable Recovery/Removal analysis                                                                     ; Off                ;      ;    ;             ;
; Enable Clock Latency                                                                                 ; Off                ;      ;    ;             ;
; Use TimeQuest Timing Analyzer                                                                        ; Off                ;      ;    ;             ;
; Number of source nodes to report per destination node                                                ; 10                 ;      ;    ;             ;
; Number of destination nodes to report                                                                ; 10                 ;      ;    ;             ;
; Number of paths to report                                                                            ; 200                ;      ;    ;             ;
; Report Minimum Timing Checks                                                                         ; Off                ;      ;    ;             ;
; Use Fast Timing Models                                                                               ; Off                ;      ;    ;             ;
; Report IO Paths Separately                                                                           ; Off                ;      ;    ;             ;
; Perform Multicorner Analysis                                                                         ; On                 ;      ;    ;             ;
; Reports the worst-case path for each clock domain and analysis                                       ; Off                ;      ;    ;             ;
; Reports worst-case timing paths for each clock domain and analysis                                   ; Off                ;      ;    ;             ;
; Specifies the maximum number of worst-case timing paths to report for each clock domain and analysis ; 100                ;      ;    ;             ;
; Removes common clock path pessimism (CCPP) during slack computation                                  ; Off                ;      ;    ;             ;
; Output I/O Timing Endpoint                                                                           ; Near End           ;      ;    ;             ;
+------------------------------------------------------------------------------------------------------+--------------------+------+----+-------------+


Parallel compilation was disabled, but you have multiple processors available. Enable parallel compilation to reduce compilation time.
+-------------------------------------+
; Parallel Compilation                ;
+----------------------------+--------+
; Processors                 ; Number ;
+----------------------------+--------+
; Number detected on machine ; 4      ;
; Maximum allowed            ; 1      ;
+----------------------------+--------+


+---------------------------------------------------------+
; tpd                                                     ;
+-------+-------------------+-----------------+------+----+
; Slack ; Required P2P Time ; Actual P2P Time ; From ; To ;
+-------+-------------------+-----------------+------+----+
; N/A   ; None              ; 10.261 ns       ; B1   ; D2 ;
; N/A   ; None              ; 10.223 ns       ; A0   ; D2 ;
; N/A   ; None              ; 10.217 ns       ; B1   ; D1 ;
; N/A   ; None              ; 10.179 ns       ; A0   ; D1 ;
; N/A   ; None              ; 10.024 ns       ; B0   ; D2 ;
; N/A   ; None              ; 10.001 ns       ; A2   ; D1 ;
; N/A   ; None              ; 9.945 ns        ; B0   ; D1 ;
; N/A   ; None              ; 9.881 ns        ; A2   ; D2 ;
; N/A   ; None              ; 9.673 ns        ; B3   ; D1 ;
; N/A   ; None              ; 9.493 ns        ; A2   ; D0 ;
; N/A   ; None              ; 9.425 ns        ; B3   ; D2 ;
; N/A   ; None              ; 9.409 ns        ; A1   ; D2 ;
; N/A   ; None              ; 9.178 ns        ; A1   ; D1 ;
; N/A   ; None              ; 9.165 ns        ; B3   ; D0 ;
; N/A   ; None              ; 9.016 ns        ; B1   ; D0 ;
; N/A   ; None              ; 8.975 ns        ; A0   ; D0 ;
; N/A   ; None              ; 8.969 ns        ; B2   ; D1 ;
; N/A   ; None              ; 8.787 ns        ; A3   ; D1 ;
; N/A   ; None              ; 8.762 ns        ; B2   ; D2 ;
; N/A   ; None              ; 8.653 ns        ; A3   ; D2 ;
; N/A   ; None              ; 8.648 ns        ; B0   ; D0 ;
; N/A   ; None              ; 8.496 ns        ; B2   ; D0 ;
; N/A   ; None              ; 8.280 ns        ; A3   ; D0 ;
; N/A   ; None              ; 8.229 ns        ; A1   ; D0 ;
+-------+-------------------+-----------------+------+----+


+--------------------------+
; Timing Analyzer Messages ;
+--------------------------+
Info: *******************************************************************
Info: Running Quartus II Classic Timing Analyzer
    Info: Version 9.1 Build 222 10/21/2009 SJ Web Edition
    Info: Processing started: Tue Mar 05 21:12:30 2019
Info: Command: quartus_tan --read_settings_files=off --write_settings_files=off hw1-bonus -c hw1-bonus --timing_analysis_only
Info: Longest tpd from source pin "B1" to destination pin "D2" is 10.261 ns
    Info: 1: + IC(0.000 ns) + CELL(0.847 ns) = 0.847 ns; Loc. = PIN_Y7; Fanout = 3; PIN Node = 'B1'
    Info: 2: + IC(4.623 ns) + CELL(0.366 ns) = 5.836 ns; Loc. = LCCOMB_X17_Y7_N8; Fanout = 1; COMB Node = 'WideOr1~0'
    Info: 3: + IC(0.261 ns) + CELL(0.378 ns) = 6.475 ns; Loc. = LCCOMB_X17_Y7_N28; Fanout = 1; COMB Node = 'WideOr1~1'
    Info: 4: + IC(1.824 ns) + CELL(1.962 ns) = 10.261 ns; Loc. = PIN_D12; Fanout = 0; PIN Node = 'D2'
    Info: Total cell delay = 3.553 ns ( 34.63 % )
    Info: Total interconnect delay = 6.708 ns ( 65.37 % )
Info: Quartus II Classic Timing Analyzer was successful. 0 errors, 0 warnings
    Info: Peak virtual memory: 175 megabytes
    Info: Processing ended: Tue Mar 05 21:12:30 2019
    Info: Elapsed time: 00:00:00
    Info: Total CPU time (on all processors): 00:00:00


